<?xml version="1.0" encoding="UTF-8"?>
<!-- Generated by org.testng.reporters.JUnitReportReporter -->
<testsuite skipped="0" hostname="NOLAPF2LGFWS043" name="com.qa.store.test.VehicleStoreTestCases" tests="4" failures="0" timestamp="21 Sep 2020 07:03:51 GMT" time="37.861" errors="0">
  <testcase name="verifyHomePageHeader" time="7.513" classname="com.qa.store.test.VehicleStoreTestCases"/>
  <testcase name="verifyPageTitle" time="7.812" classname="com.qa.store.test.VehicleStoreTestCases"/>
  <testcase name="verifySubmitButton" time="12.452" classname="com.qa.store.test.VehicleStoreTestCases"/>
  <testcase name="verifyVehicleListOfValues" time="10.084" classname="com.qa.store.test.VehicleStoreTestCases"/>
</testsuite> <!-- com.qa.store.test.VehicleStoreTestCases -->
