<?xml version="1.0" encoding="UTF-8"?>
<!-- Generated by org.testng.reporters.JUnitReportReporter -->
<testsuite skipped="0" hostname="NOLAPF2LGFWS043" name="com.qa.store.test.VehicleStoreTestCases" tests="4" failures="0" timestamp="21 Jul 2020 13:07:54 GMT" time="31.762" errors="0">
  <testcase name="verifyHomePageHeader" time="6.415" classname="com.qa.store.test.VehicleStoreTestCases"/>
  <testcase name="verifyPageTitle" time="6.308" classname="com.qa.store.test.VehicleStoreTestCases"/>
  <testcase name="verifySubmitButton" time="11.391" classname="com.qa.store.test.VehicleStoreTestCases"/>
  <testcase name="verifyVehicleListOfValues" time="7.648" classname="com.qa.store.test.VehicleStoreTestCases"/>
</testsuite> <!-- com.qa.store.test.VehicleStoreTestCases -->
