<?xml version="1.0" encoding="UTF-8"?>
<!-- Generated by org.testng.reporters.JUnitReportReporter -->
<testsuite skipped="0" hostname="NOLAPF2LGFWS043" name="com.qa.store.test.VehicleStoreTestCases" tests="4" failures="0" timestamp="10 Jul 2020 13:13:55 GMT" time="25.300" errors="0">
  <testcase name="verifyPageTitle" time="4.595" classname="com.qa.store.test.VehicleStoreTestCases"/>
  <testcase name="verifySubmitButton" time="9.754" classname="com.qa.store.test.VehicleStoreTestCases"/>
  <testcase name="verifyHomePageHeader" time="4.536" classname="com.qa.store.test.VehicleStoreTestCases"/>
  <testcase name="verifyVehicleListOfValues" time="6.415" classname="com.qa.store.test.VehicleStoreTestCases"/>
</testsuite> <!-- com.qa.store.test.VehicleStoreTestCases -->
