<?xml version="1.0" encoding="UTF-8"?>
<!-- Generated by org.testng.reporters.JUnitReportReporter -->
<testsuite skipped="0" hostname="NOLAPF2LGFWS043" name="com.qa.store.test.VehicleStoreTestCases" tests="4" failures="0" timestamp="09 Jul 2020 15:44:49 GMT" time="29.649" errors="0">
  <testcase name="verifyPageTitle" time="5.646" classname="com.qa.store.test.VehicleStoreTestCases"/>
  <testcase name="verifySubmitButton" time="10.477" classname="com.qa.store.test.VehicleStoreTestCases"/>
  <testcase name="verifyHomePageHeader" time="5.315" classname="com.qa.store.test.VehicleStoreTestCases"/>
  <testcase name="verifyVehicleListOfValues" time="8.211" classname="com.qa.store.test.VehicleStoreTestCases"/>
</testsuite> <!-- com.qa.store.test.VehicleStoreTestCases -->
